android/app/build/intermediates/manifest_merge_blame_file/release/manifest-merger-blame-release-report.txt
1<?xml version="1.0" encoding="utf-8"?>
2<manifest xmlns:android="http://schemas.android.com/apk/res/android"
3    package="com.cofit"
4    android:versionCode="1"
5    android:versionName="1.0" >
6
7    <uses-sdk
8        android:minSdkVersion="21"
8-->src/main/AndroidManifest.xml
9        android:targetSdkVersion="33" />
9-->src/main/AndroidManifest.xml
10
11    <uses-permission android:name="android.permission.INTERNET" />
11-->src/main/AndroidManifest.xml:4:5-67
11-->src/main/AndroidManifest.xml:4:22-64
12    <uses-permission android:name="android.permission.ACCESS_FINE_LOCATION" />
12-->src/main/AndroidManifest.xml:5:5-79
12-->src/main/AndroidManifest.xml:5:22-76
13    <uses-permission android:name="android.permission.READ_MEDIA_IMAGES" />
13-->src/main/AndroidManifest.xml:6:5-75
13-->src/main/AndroidManifest.xml:6:22-73
14    <uses-permission android:name="android.permission.CAMERA" />
14-->src/main/AndroidManifest.xml:7:5-64
14-->src/main/AndroidManifest.xml:7:22-62
15    <uses-permission android:name="android.permission.ACCESS_NETWORK_STATE" />
15-->[:react-native-community_netinfo] AndroidManifest.xml:9:5-79
15-->[:react-native-community_netinfo] AndroidManifest.xml:9:22-76
16    <uses-permission android:name="android.permission.ACCESS_WIFI_STATE" />
16-->[:react-native-community_netinfo] AndroidManifest.xml:10:5-76
16-->[:react-native-community_netinfo] AndroidManifest.xml:10:22-73
17    <uses-permission android:name="android.permission.WAKE_LOCK" />
17-->[:react-native-google-mobile-ads] AndroidManifest.xml:10:5-68
17-->[:react-native-google-mobile-ads] AndroidManifest.xml:10:22-65
18
19    <queries>
19-->[:react-native-image-crop-picker] AndroidManifest.xml:9:5-13:15
20        <intent>
20-->[:react-native-image-crop-picker] AndroidManifest.xml:10:9-12:18
21            <action android:name="android.media.action.IMAGE_CAPTURE" />
21-->[:react-native-image-crop-picker] AndroidManifest.xml:11:13-73
21-->[:react-native-image-crop-picker] AndroidManifest.xml:11:21-70
22        </intent>
23        <!-- For browser content -->
24        <intent>
24-->[com.google.android.gms:play-services-ads-lite:22.4.0] AndroidManifest.xml:38:9-44:18
25            <action android:name="android.intent.action.VIEW" />
25-->src/main/AndroidManifest.xml:29:13-65
25-->src/main/AndroidManifest.xml:29:21-62
26
27            <category android:name="android.intent.category.BROWSABLE" />
27-->src/main/AndroidManifest.xml:31:13-74
27-->src/main/AndroidManifest.xml:31:23-71
28
29            <data android:scheme="https" />
29-->src/main/AndroidManifest.xml:32:13-44
29-->src/main/AndroidManifest.xml:32:19-41
30        </intent> <!-- End of browser content -->
31        <!-- For CustomTabsService -->
32        <intent>
32-->[com.google.android.gms:play-services-ads-lite:22.4.0] AndroidManifest.xml:47:9-49:18
33            <action android:name="android.support.customtabs.action.CustomTabsService" />
33-->[com.google.android.gms:play-services-ads-lite:22.4.0] AndroidManifest.xml:48:13-90
33-->[com.google.android.gms:play-services-ads-lite:22.4.0] AndroidManifest.xml:48:21-87
34        </intent> <!-- Needs to be explicitly declared on Android R+ -->
35        <package android:name="com.google.android.apps.maps" />
35-->[com.google.android.gms:play-services-maps:18.0.2] AndroidManifest.xml:33:9-64
35-->[com.google.android.gms:play-services-maps:18.0.2] AndroidManifest.xml:33:18-61
36    </queries>
37
38    <uses-permission android:name="android.permission.WRITE_EXTERNAL_STORAGE" />
38-->[:react-native-image-crop-picker] AndroidManifest.xml:15:5-81
38-->[:react-native-image-crop-picker] AndroidManifest.xml:15:22-78
39    <uses-permission android:name="com.google.android.gms.permission.AD_ID" />
39-->[com.google.android.gms:play-services-ads-lite:22.4.0] AndroidManifest.xml:26:5-79
39-->[com.google.android.gms:play-services-ads-lite:22.4.0] AndroidManifest.xml:26:22-76
40    <uses-permission android:name="android.permission.ACCESS_ADSERVICES_AD_ID" />
40-->[com.google.android.gms:play-services-ads-lite:22.4.0] AndroidManifest.xml:27:5-82
40-->[com.google.android.gms:play-services-ads-lite:22.4.0] AndroidManifest.xml:27:22-79
41    <uses-permission android:name="android.permission.ACCESS_ADSERVICES_ATTRIBUTION" />
41-->[com.google.android.gms:play-services-ads-lite:22.4.0] AndroidManifest.xml:28:5-88
41-->[com.google.android.gms:play-services-ads-lite:22.4.0] AndroidManifest.xml:28:22-85
42    <uses-permission android:name="android.permission.ACCESS_ADSERVICES_TOPICS" /> <!-- Required by older versions of Google Play services to create IID tokens -->
42-->[com.google.android.gms:play-services-ads-lite:22.4.0] AndroidManifest.xml:29:5-83
42-->[com.google.android.gms:play-services-ads-lite:22.4.0] AndroidManifest.xml:29:22-80
43    <uses-permission android:name="com.google.android.c2dm.permission.RECEIVE" />
43-->[com.google.android.gms:play-services-iid:17.0.0] AndroidManifest.xml:23:5-82
43-->[com.google.android.gms:play-services-iid:17.0.0] AndroidManifest.xml:23:22-79
44
45    <uses-feature
45-->[com.google.android.gms:play-services-maps:18.0.2] AndroidManifest.xml:26:5-28:35
46        android:glEsVersion="0x00020000"
46-->[com.google.android.gms:play-services-maps:18.0.2] AndroidManifest.xml:27:9-41
47        android:required="true" />
47-->[com.google.android.gms:play-services-maps:18.0.2] AndroidManifest.xml:28:9-32
48
49    <uses-permission android:name="android.permission.FOREGROUND_SERVICE" />
49-->[androidx.work:work-runtime:2.7.1] AndroidManifest.xml:28:5-77
49-->[androidx.work:work-runtime:2.7.1] AndroidManifest.xml:28:22-74
50    <uses-permission android:name="com.google.android.finsky.permission.BIND_GET_INSTALL_REFERRER_SERVICE" />
50-->[com.android.installreferrer:installreferrer:1.1.2] AndroidManifest.xml:9:5-110
50-->[com.android.installreferrer:installreferrer:1.1.2] AndroidManifest.xml:9:22-107
51    <!--
52 <uses-feature android:name="android.hardware.camera" android:required="false" />
53    <uses-feature android:name="android.hardware.camera.front" android:required="false" />
54    -->
55    <application
55-->src/main/AndroidManifest.xml:10:5-46:19
56        android:name="com.cofit.MainApplication"
56-->src/main/AndroidManifest.xml:11:7-38
57        android:allowBackup="false"
57-->src/main/AndroidManifest.xml:15:7-34
58        android:appComponentFactory="androidx.core.app.CoreComponentFactory"
58-->[androidx.core:core:1.8.0] AndroidManifest.xml:24:18-86
59        android:icon="@mipmap/ic_launcher"
59-->src/main/AndroidManifest.xml:13:7-41
60        android:label="@string/app_name"
60-->src/main/AndroidManifest.xml:12:7-39
61        android:roundIcon="@mipmap/ic_launcher_round"
61-->src/main/AndroidManifest.xml:14:7-52
62        android:theme="@style/AppTheme" >
62-->src/main/AndroidManifest.xml:16:7-38
63        <activity
63-->src/main/AndroidManifest.xml:17:7-41:18
64            android:name="com.cofit.MainActivity"
64-->src/main/AndroidManifest.xml:18:9-37
65            android:configChanges="keyboard|keyboardHidden|orientation|screenLayout|screenSize|smallestScreenSize|uiMode"
65-->src/main/AndroidManifest.xml:20:9-118
66            android:exported="true"
66-->src/main/AndroidManifest.xml:23:9-32
67            android:label="@string/app_name"
67-->src/main/AndroidManifest.xml:19:9-41
68            android:launchMode="singleTask"
68-->src/main/AndroidManifest.xml:21:9-40
69            android:windowSoftInputMode="adjustResize" >
69-->src/main/AndroidManifest.xml:22:9-51
70            <intent-filter>
70-->src/main/AndroidManifest.xml:24:9-27:25
71                <action android:name="android.intent.action.MAIN" />
71-->src/main/AndroidManifest.xml:25:13-65
71-->src/main/AndroidManifest.xml:25:21-62
72
73                <category android:name="android.intent.category.LAUNCHER" />
73-->src/main/AndroidManifest.xml:26:13-73
73-->src/main/AndroidManifest.xml:26:23-70
74            </intent-filter>
75            <intent-filter>
75-->src/main/AndroidManifest.xml:28:9-33:25
76                <action android:name="android.intent.action.VIEW" />
76-->src/main/AndroidManifest.xml:29:13-65
76-->src/main/AndroidManifest.xml:29:21-62
77
78                <category android:name="android.intent.category.DEFAULT" />
78-->src/main/AndroidManifest.xml:30:13-72
78-->src/main/AndroidManifest.xml:30:23-69
79                <category android:name="android.intent.category.BROWSABLE" />
79-->src/main/AndroidManifest.xml:31:13-74
79-->src/main/AndroidManifest.xml:31:23-71
80
81                <data android:scheme="cofit" />
81-->src/main/AndroidManifest.xml:32:13-44
81-->src/main/AndroidManifest.xml:32:19-41
82            </intent-filter>
83            <intent-filter android:autoVerify="true" >
83-->src/main/AndroidManifest.xml:34:9-40:25
83-->src/main/AndroidManifest.xml:34:24-49
84                <action android:name="android.intent.action.VIEW" />
84-->src/main/AndroidManifest.xml:29:13-65
84-->src/main/AndroidManifest.xml:29:21-62
85
86                <category android:name="android.intent.category.DEFAULT" />
86-->src/main/AndroidManifest.xml:30:13-72
86-->src/main/AndroidManifest.xml:30:23-69
87                <category android:name="android.intent.category.BROWSABLE" />
87-->src/main/AndroidManifest.xml:31:13-74
87-->src/main/AndroidManifest.xml:31:23-71
88
89                <data android:scheme="https" />
89-->src/main/AndroidManifest.xml:32:13-44
89-->src/main/AndroidManifest.xml:32:19-41
90                <data android:host="apple.cofitapp.com" />
90-->src/main/AndroidManifest.xml:32:13-44
90-->src/main/AndroidManifest.xml:39:19-52
91            </intent-filter>
92        </activity>
93
94        <meta-data
94-->src/main/AndroidManifest.xml:42:7-45:5
95            android:name="com.google.android.geo.API_KEY"
95-->src/main/AndroidManifest.xml:43:5-50
96            android:value="AIzaSyBpVX6Xl4OEftECYrN-wauMw7dpUyl6GiI" />
96-->src/main/AndroidManifest.xml:44:5-60
97        <meta-data
97-->[:react-native-google-mobile-ads] AndroidManifest.xml:14:9-16:70
98            android:name="com.google.android.gms.ads.APPLICATION_ID"
98-->[:react-native-google-mobile-ads] AndroidManifest.xml:15:13-69
99            android:value="ca-app-pub-2568556461739831~5655121163" />
99-->[:react-native-google-mobile-ads] AndroidManifest.xml:16:13-67
100        <meta-data
100-->[:react-native-google-mobile-ads] AndroidManifest.xml:17:9-19:37
101            android:name="com.google.android.gms.ads.DELAY_APP_MEASUREMENT_INIT"
101-->[:react-native-google-mobile-ads] AndroidManifest.xml:18:13-81
102            android:value="false" />
102-->[:react-native-google-mobile-ads] AndroidManifest.xml:19:13-34
103        <meta-data
103-->[:react-native-google-mobile-ads] AndroidManifest.xml:20:9-22:36
104            android:name="com.google.android.gms.ads.flag.OPTIMIZE_INITIALIZATION"
104-->[:react-native-google-mobile-ads] AndroidManifest.xml:21:13-83
105            android:value="true" />
105-->[:react-native-google-mobile-ads] AndroidManifest.xml:22:13-33
106        <meta-data
106-->[:react-native-google-mobile-ads] AndroidManifest.xml:23:9-25:36
107            android:name="com.google.android.gms.ads.flag.OPTIMIZE_AD_LOADING"
107-->[:react-native-google-mobile-ads] AndroidManifest.xml:24:13-79
108            android:value="true" />
108-->[:react-native-google-mobile-ads] AndroidManifest.xml:25:13-33
109
110        <provider
110-->[:react-native-image-crop-picker] AndroidManifest.xml:18:9-26:20
111            android:name="com.reactnative.ivpusic.imagepicker.IvpusicImagePickerFileProvider"
111-->[:react-native-image-crop-picker] AndroidManifest.xml:19:13-94
112            android:authorities="com.cofit.provider"
112-->[:react-native-image-crop-picker] AndroidManifest.xml:20:13-60
113            android:exported="false"
113-->[:react-native-image-crop-picker] AndroidManifest.xml:21:13-37
114            android:grantUriPermissions="true" >
114-->[:react-native-image-crop-picker] AndroidManifest.xml:22:13-47
115            <meta-data
115-->[:react-native-image-crop-picker] AndroidManifest.xml:23:13-25:78
116                android:name="android.support.FILE_PROVIDER_PATHS"
116-->[:react-native-image-crop-picker] AndroidManifest.xml:24:17-67
117                android:resource="@xml/ivpusic_imagepicker_provider_paths" />
117-->[:react-native-image-crop-picker] AndroidManifest.xml:25:17-75
118        </provider>
119
120        <activity
120-->[:react-native-image-crop-picker] AndroidManifest.xml:28:9-30:72
121            android:name="com.yalantis.ucrop.UCropActivity"
121-->[:react-native-image-crop-picker] AndroidManifest.xml:29:13-60
122            android:theme="@style/Theme.AppCompat.Light.NoActionBar" />
122-->[:react-native-image-crop-picker] AndroidManifest.xml:30:13-69
123
124        <provider
124-->[:react-native-webview] AndroidManifest.xml:10:9-18:20
125            android:name="com.reactnativecommunity.webview.RNCWebViewFileProvider"
125-->[:react-native-webview] AndroidManifest.xml:11:13-83
126            android:authorities="com.cofit.fileprovider"
126-->[:react-native-webview] AndroidManifest.xml:12:13-64
127            android:exported="false"
127-->[:react-native-webview] AndroidManifest.xml:13:13-37
128            android:grantUriPermissions="true" >
128-->[:react-native-webview] AndroidManifest.xml:14:13-47
129            <meta-data
129-->[:react-native-image-crop-picker] AndroidManifest.xml:23:13-25:78
130                android:name="android.support.FILE_PROVIDER_PATHS"
130-->[:react-native-image-crop-picker] AndroidManifest.xml:24:17-67
131                android:resource="@xml/file_provider_paths" />
131-->[:react-native-image-crop-picker] AndroidManifest.xml:25:17-75
132        </provider>
133
134        <uses-library
134-->[androidx.privacysandbox.ads:ads-adservices:1.0.0-beta05] AndroidManifest.xml:23:9-25:40
135            android:name="android.ext.adservices"
135-->[androidx.privacysandbox.ads:ads-adservices:1.0.0-beta05] AndroidManifest.xml:24:13-50
136            android:required="false" />
136-->[androidx.privacysandbox.ads:ads-adservices:1.0.0-beta05] AndroidManifest.xml:25:13-37
137
138        <meta-data
138-->[com.github.bumptech.glide:okhttp3-integration:4.12.0] AndroidManifest.xml:11:9-13:43
139            android:name="com.bumptech.glide.integration.okhttp3.OkHttpGlideModule"
139-->[com.github.bumptech.glide:okhttp3-integration:4.12.0] AndroidManifest.xml:12:13-84
140            android:value="GlideModule" /> <!-- Include the AdActivity and InAppPurchaseActivity configChanges and themes. -->
140-->[com.github.bumptech.glide:okhttp3-integration:4.12.0] AndroidManifest.xml:13:13-40
141        <activity
141-->[com.google.android.gms:play-services-ads-lite:22.4.0] AndroidManifest.xml:56:9-61:43
142            android:name="com.google.android.gms.ads.AdActivity"
142-->[com.google.android.gms:play-services-ads-lite:22.4.0] AndroidManifest.xml:57:13-65
143            android:configChanges="keyboard|keyboardHidden|orientation|screenLayout|uiMode|screenSize|smallestScreenSize"
143-->[com.google.android.gms:play-services-ads-lite:22.4.0] AndroidManifest.xml:58:13-122
144            android:exported="false"
144-->[com.google.android.gms:play-services-ads-lite:22.4.0] AndroidManifest.xml:59:13-37
145            android:theme="@android:style/Theme.Translucent" />
145-->[com.google.android.gms:play-services-ads-lite:22.4.0] AndroidManifest.xml:60:13-61
146
147        <provider
147-->[com.google.android.gms:play-services-ads-lite:22.4.0] AndroidManifest.xml:63:9-68:43
148            android:name="com.google.android.gms.ads.MobileAdsInitProvider"
148-->[com.google.android.gms:play-services-ads-lite:22.4.0] AndroidManifest.xml:64:13-76
149            android:authorities="com.cofit.mobileadsinitprovider"
149-->[com.google.android.gms:play-services-ads-lite:22.4.0] AndroidManifest.xml:65:13-73
150            android:exported="false"
150-->[com.google.android.gms:play-services-ads-lite:22.4.0] AndroidManifest.xml:66:13-37
151            android:initOrder="100" />
151-->[com.google.android.gms:play-services-ads-lite:22.4.0] AndroidManifest.xml:67:13-36
152
153        <service
153-->[com.google.android.gms:play-services-ads-lite:22.4.0] AndroidManifest.xml:70:9-74:43
154            android:name="com.google.android.gms.ads.AdService"
154-->[com.google.android.gms:play-services-ads-lite:22.4.0] AndroidManifest.xml:71:13-64
155            android:enabled="true"
155-->[com.google.android.gms:play-services-ads-lite:22.4.0] AndroidManifest.xml:72:13-35
156            android:exported="false" />
156-->[com.google.android.gms:play-services-ads-lite:22.4.0] AndroidManifest.xml:73:13-37
157
158        <activity
158-->[com.google.android.gms:play-services-ads-lite:22.4.0] AndroidManifest.xml:76:9-80:43
159            android:name="com.google.android.gms.ads.OutOfContextTestingActivity"
159-->[com.google.android.gms:play-services-ads-lite:22.4.0] AndroidManifest.xml:77:13-82
160            android:configChanges="keyboard|keyboardHidden|orientation|screenLayout|uiMode|screenSize|smallestScreenSize"
160-->[com.google.android.gms:play-services-ads-lite:22.4.0] AndroidManifest.xml:78:13-122
161            android:exported="false" />
161-->[com.google.android.gms:play-services-ads-lite:22.4.0] AndroidManifest.xml:79:13-37
162
163        <property
163-->[com.google.android.gms:play-services-ads-lite:22.4.0] AndroidManifest.xml:82:9-84:62
164            android:name="android.adservices.AD_SERVICES_CONFIG"
164-->[com.google.android.gms:play-services-ads-lite:22.4.0] AndroidManifest.xml:83:13-65
165            android:resource="@xml/gma_ad_services_config" />
165-->[com.google.android.gms:play-services-ads-lite:22.4.0] AndroidManifest.xml:84:13-59
166
167        <activity
167-->[com.google.android.gms:play-services-auth:20.5.0] AndroidManifest.xml:23:9-27:75
168            android:name="com.google.android.gms.auth.api.signin.internal.SignInHubActivity"
168-->[com.google.android.gms:play-services-auth:20.5.0] AndroidManifest.xml:24:13-93
169            android:excludeFromRecents="true"
169-->[com.google.android.gms:play-services-auth:20.5.0] AndroidManifest.xml:25:13-46
170            android:exported="false"
170-->[com.google.android.gms:play-services-auth:20.5.0] AndroidManifest.xml:26:13-37
171            android:theme="@android:style/Theme.Translucent.NoTitleBar" />
171-->[com.google.android.gms:play-services-auth:20.5.0] AndroidManifest.xml:27:13-72
172        <!--
173            Service handling Google Sign-In user revocation. For apps that do not integrate with
174            Google Sign-In, this service will never be started.
175        -->
176        <service
176-->[com.google.android.gms:play-services-auth:20.5.0] AndroidManifest.xml:33:9-37:51
177            android:name="com.google.android.gms.auth.api.signin.RevocationBoundService"
177-->[com.google.android.gms:play-services-auth:20.5.0] AndroidManifest.xml:34:13-89
178            android:exported="true"
178-->[com.google.android.gms:play-services-auth:20.5.0] AndroidManifest.xml:35:13-36
179            android:permission="com.google.android.gms.auth.api.signin.permission.REVOCATION_NOTIFICATION"
179-->[com.google.android.gms:play-services-auth:20.5.0] AndroidManifest.xml:36:13-107
180            android:visibleToInstantApps="true" /> <!-- Needs to be explicitly declared on P+ -->
180-->[com.google.android.gms:play-services-auth:20.5.0] AndroidManifest.xml:37:13-48
181        <uses-library
181-->[com.google.android.gms:play-services-maps:18.0.2] AndroidManifest.xml:39:9-41:40
182            android:name="org.apache.http.legacy"
182-->[com.google.android.gms:play-services-maps:18.0.2] AndroidManifest.xml:40:13-50
183            android:required="false" />
183-->[com.google.android.gms:play-services-maps:18.0.2] AndroidManifest.xml:41:13-37
184
185        <activity
185-->[com.google.android.gms:play-services-base:18.1.0] AndroidManifest.xml:20:9-22:45
186            android:name="com.google.android.gms.common.api.GoogleApiActivity"
186-->[com.google.android.gms:play-services-base:18.1.0] AndroidManifest.xml:20:19-85
187            android:exported="false"
187-->[com.google.android.gms:play-services-base:18.1.0] AndroidManifest.xml:22:19-43
188            android:theme="@android:style/Theme.Translucent.NoTitleBar" />
188-->[com.google.android.gms:play-services-base:18.1.0] AndroidManifest.xml:21:19-78
189
190        <meta-data
190-->[com.google.android.gms:play-services-basement:18.2.0] AndroidManifest.xml:21:9-23:69
191            android:name="com.google.android.gms.version"
191-->[com.google.android.gms:play-services-basement:18.2.0] AndroidManifest.xml:22:13-58
192            android:value="@integer/google_play_services_version" />
192-->[com.google.android.gms:play-services-basement:18.2.0] AndroidManifest.xml:23:13-66
193
194        <provider
194-->[androidx.work:work-runtime:2.7.1] AndroidManifest.xml:31:9-39:20
195            android:name="androidx.startup.InitializationProvider"
195-->[androidx.work:work-runtime:2.7.1] AndroidManifest.xml:32:13-67
196            android:authorities="com.cofit.androidx-startup"
196-->[androidx.work:work-runtime:2.7.1] AndroidManifest.xml:33:13-68
197            android:exported="false" >
197-->[androidx.work:work-runtime:2.7.1] AndroidManifest.xml:34:13-37
198            <meta-data
198-->[androidx.work:work-runtime:2.7.1] AndroidManifest.xml:36:13-38:52
199                android:name="androidx.work.WorkManagerInitializer"
199-->[androidx.work:work-runtime:2.7.1] AndroidManifest.xml:37:17-68
200                android:value="androidx.startup" />
200-->[androidx.work:work-runtime:2.7.1] AndroidManifest.xml:38:17-49
201        </provider>
202
203        <service
203-->[androidx.work:work-runtime:2.7.1] AndroidManifest.xml:41:9-46:35
204            android:name="androidx.work.impl.background.systemalarm.SystemAlarmService"
204-->[androidx.work:work-runtime:2.7.1] AndroidManifest.xml:42:13-88
205            android:directBootAware="false"
205-->[androidx.work:work-runtime:2.7.1] AndroidManifest.xml:43:13-44
206            android:enabled="@bool/enable_system_alarm_service_default"
206-->[androidx.work:work-runtime:2.7.1] AndroidManifest.xml:44:13-72
207            android:exported="false" />
207-->[androidx.work:work-runtime:2.7.1] AndroidManifest.xml:45:13-37
208        <service
208-->[androidx.work:work-runtime:2.7.1] AndroidManifest.xml:47:9-53:35
209            android:name="androidx.work.impl.background.systemjob.SystemJobService"
209-->[androidx.work:work-runtime:2.7.1] AndroidManifest.xml:48:13-84
210            android:directBootAware="false"
210-->[androidx.work:work-runtime:2.7.1] AndroidManifest.xml:49:13-44
211            android:enabled="@bool/enable_system_job_service_default"
211-->[androidx.work:work-runtime:2.7.1] AndroidManifest.xml:50:13-70
212            android:exported="true"
212-->[androidx.work:work-runtime:2.7.1] AndroidManifest.xml:51:13-36
213            android:permission="android.permission.BIND_JOB_SERVICE" />
213-->[androidx.work:work-runtime:2.7.1] AndroidManifest.xml:52:13-69
214        <service
214-->[androidx.work:work-runtime:2.7.1] AndroidManifest.xml:54:9-59:35
215            android:name="androidx.work.impl.foreground.SystemForegroundService"
215-->[androidx.work:work-runtime:2.7.1] AndroidManifest.xml:55:13-81
216            android:directBootAware="false"
216-->[androidx.work:work-runtime:2.7.1] AndroidManifest.xml:56:13-44
217            android:enabled="@bool/enable_system_foreground_service_default"
217-->[androidx.work:work-runtime:2.7.1] AndroidManifest.xml:57:13-77
218            android:exported="false" />
218-->[androidx.work:work-runtime:2.7.1] AndroidManifest.xml:58:13-37
219
220        <receiver
220-->[androidx.work:work-runtime:2.7.1] AndroidManifest.xml:61:9-66:35
221            android:name="androidx.work.impl.utils.ForceStopRunnable$BroadcastReceiver"
221-->[androidx.work:work-runtime:2.7.1] AndroidManifest.xml:62:13-88
222            android:directBootAware="false"
222-->[androidx.work:work-runtime:2.7.1] AndroidManifest.xml:63:13-44
223            android:enabled="true"
223-->[androidx.work:work-runtime:2.7.1] AndroidManifest.xml:64:13-35
224            android:exported="false" />
224-->[androidx.work:work-runtime:2.7.1] AndroidManifest.xml:65:13-37
225        <receiver
225-->[androidx.work:work-runtime:2.7.1] AndroidManifest.xml:67:9-77:20
226            android:name="androidx.work.impl.background.systemalarm.ConstraintProxy$BatteryChargingProxy"
226-->[androidx.work:work-runtime:2.7.1] AndroidManifest.xml:68:13-106
227            android:directBootAware="false"
227-->[androidx.work:work-runtime:2.7.1] AndroidManifest.xml:69:13-44
228            android:enabled="false"
228-->[androidx.work:work-runtime:2.7.1] AndroidManifest.xml:70:13-36
229            android:exported="false" >
229-->[androidx.work:work-runtime:2.7.1] AndroidManifest.xml:71:13-37
230            <intent-filter>
230-->[androidx.work:work-runtime:2.7.1] AndroidManifest.xml:73:13-76:29
231                <action android:name="android.intent.action.ACTION_POWER_CONNECTED" />
231-->[androidx.work:work-runtime:2.7.1] AndroidManifest.xml:74:17-87
231-->[androidx.work:work-runtime:2.7.1] AndroidManifest.xml:74:25-84
232                <action android:name="android.intent.action.ACTION_POWER_DISCONNECTED" />
232-->[androidx.work:work-runtime:2.7.1] AndroidManifest.xml:75:17-90
232-->[androidx.work:work-runtime:2.7.1] AndroidManifest.xml:75:25-87
233            </intent-filter>
234        </receiver>
235        <receiver
235-->[androidx.work:work-runtime:2.7.1] AndroidManifest.xml:78:9-88:20
236            android:name="androidx.work.impl.background.systemalarm.ConstraintProxy$BatteryNotLowProxy"
236-->[androidx.work:work-runtime:2.7.1] AndroidManifest.xml:79:13-104
237            android:directBootAware="false"
237-->[androidx.work:work-runtime:2.7.1] AndroidManifest.xml:80:13-44
238            android:enabled="false"
238-->[androidx.work:work-runtime:2.7.1] AndroidManifest.xml:81:13-36
239            android:exported="false" >
239-->[androidx.work:work-runtime:2.7.1] AndroidManifest.xml:82:13-37
240            <intent-filter>
240-->[androidx.work:work-runtime:2.7.1] AndroidManifest.xml:84:13-87:29
241                <action android:name="android.intent.action.BATTERY_OKAY" />
241-->[androidx.work:work-runtime:2.7.1] AndroidManifest.xml:85:17-77
241-->[androidx.work:work-runtime:2.7.1] AndroidManifest.xml:85:25-74
242                <action android:name="android.intent.action.BATTERY_LOW" />
242-->[androidx.work:work-runtime:2.7.1] AndroidManifest.xml:86:17-76
242-->[androidx.work:work-runtime:2.7.1] AndroidManifest.xml:86:25-73
243            </intent-filter>
244        </receiver>
245        <receiver
245-->[androidx.work:work-runtime:2.7.1] AndroidManifest.xml:89:9-99:20
246            android:name="androidx.work.impl.background.systemalarm.ConstraintProxy$StorageNotLowProxy"
246-->[androidx.work:work-runtime:2.7.1] AndroidManifest.xml:90:13-104
247            android:directBootAware="false"
247-->[androidx.work:work-runtime:2.7.1] AndroidManifest.xml:91:13-44
248            android:enabled="false"
248-->[androidx.work:work-runtime:2.7.1] AndroidManifest.xml:92:13-36
249            android:exported="false" >
249-->[androidx.work:work-runtime:2.7.1] AndroidManifest.xml:93:13-37
250            <intent-filter>
250-->[androidx.work:work-runtime:2.7.1] AndroidManifest.xml:95:13-98:29
251                <action android:name="android.intent.action.DEVICE_STORAGE_LOW" />
251-->[androidx.work:work-runtime:2.7.1] AndroidManifest.xml:96:17-83
251-->[androidx.work:work-runtime:2.7.1] AndroidManifest.xml:96:25-80
252                <action android:name="android.intent.action.DEVICE_STORAGE_OK" />
252-->[androidx.work:work-runtime:2.7.1] AndroidManifest.xml:97:17-82
252-->[androidx.work:work-runtime:2.7.1] AndroidManifest.xml:97:25-79
253            </intent-filter>
254        </receiver>
255        <receiver
255-->[androidx.work:work-runtime:2.7.1] AndroidManifest.xml:100:9-109:20
256            android:name="androidx.work.impl.background.systemalarm.ConstraintProxy$NetworkStateProxy"
256-->[androidx.work:work-runtime:2.7.1] AndroidManifest.xml:101:13-103
257            android:directBootAware="false"
257-->[androidx.work:work-runtime:2.7.1] AndroidManifest.xml:102:13-44
258            android:enabled="false"
258-->[androidx.work:work-runtime:2.7.1] AndroidManifest.xml:103:13-36
259            android:exported="false" >
259-->[androidx.work:work-runtime:2.7.1] AndroidManifest.xml:104:13-37
260            <intent-filter>
260-->[androidx.work:work-runtime:2.7.1] AndroidManifest.xml:106:13-108:29
261                <action android:name="android.net.conn.CONNECTIVITY_CHANGE" />
261-->[androidx.work:work-runtime:2.7.1] AndroidManifest.xml:107:17-79
261-->[androidx.work:work-runtime:2.7.1] AndroidManifest.xml:107:25-76
262            </intent-filter>
263        </receiver>
264        <receiver
264-->[androidx.work:work-runtime:2.7.1] AndroidManifest.xml:110:9-121:20
265            android:name="androidx.work.impl.background.systemalarm.RescheduleReceiver"
265-->[androidx.work:work-runtime:2.7.1] AndroidManifest.xml:111:13-88
266            android:directBootAware="false"
266-->[androidx.work:work-runtime:2.7.1] AndroidManifest.xml:112:13-44
267            android:enabled="false"
267-->[androidx.work:work-runtime:2.7.1] AndroidManifest.xml:113:13-36
268            android:exported="false" >
268-->[androidx.work:work-runtime:2.7.1] AndroidManifest.xml:114:13-37
269            <intent-filter>
269-->[androidx.work:work-runtime:2.7.1] AndroidManifest.xml:116:13-120:29
270                <action android:name="android.intent.action.BOOT_COMPLETED" />
270-->[androidx.work:work-runtime:2.7.1] AndroidManifest.xml:117:17-79
270-->[androidx.work:work-runtime:2.7.1] AndroidManifest.xml:117:25-76
271                <action android:name="android.intent.action.TIME_SET" />